<?xml version="1.0" encoding="UTF-8"?>
<testsuite name="StatementPrinterTests" tests="3" skipped="0" failures="0" errors="0" timestamp="2022-10-07T13:18:45" hostname="DESKTOP-LC8DIJU" time="0.5">
  <properties/>
  <testcase name="testOtherCases()" classname="StatementPrinterTests" time="0.354"/>
  <testcase name="exampleStatement()" classname="StatementPrinterTests" time="0.123"/>
  <testcase name="statementWithNewPlayTypes()" classname="StatementPrinterTests" time="0.019"/>
  <system-out><![CDATA[]]></system-out>
  <system-err><![CDATA[]]></system-err>
</testsuite>
