<?xml version="1.0" encoding="UTF-8"?>
<testsuite name="StatementPrinterTests" tests="3" skipped="0" failures="0" errors="0" timestamp="2022-10-29T18:59:17" hostname="DESKTOP-LC8DIJU" time="0.967">
  <properties/>
  <testcase name="exampleStatementHTML()" classname="StatementPrinterTests" time="0.58"/>
  <testcase name="testOtherCases()" classname="StatementPrinterTests" time="0.21"/>
  <testcase name="exampleStatement()" classname="StatementPrinterTests" time="0.171"/>
  <system-out><![CDATA[]]></system-out>
  <system-err><![CDATA[]]></system-err>
</testsuite>
