<?xml version="1.0" encoding="UTF-8"?>
<testsuite name="StatementPrinterTests" tests="3" skipped="0" failures="0" errors="0" timestamp="2022-10-07T12:44:58" hostname="DESKTOP-LC8DIJU" time="0.568">
  <properties/>
  <testcase name="testOtherCases()" classname="StatementPrinterTests" time="0.39"/>
  <testcase name="exampleStatement()" classname="StatementPrinterTests" time="0.149"/>
  <testcase name="statementWithNewPlayTypes()" classname="StatementPrinterTests" time="0.023"/>
  <system-out><![CDATA[]]></system-out>
  <system-err><![CDATA[]]></system-err>
</testsuite>
