<?xml version="1.0" encoding="UTF-8"?>
<testsuite name="StatementPrinterTests" tests="4" skipped="0" failures="0" errors="0" timestamp="2022-10-29T19:38:46" hostname="DESKTOP-LC8DIJU" time="0.745">
  <properties/>
  <testcase name="exampleStatementHTML()" classname="StatementPrinterTests" time="0.351"/>
  <testcase name="testOtherCases()" classname="StatementPrinterTests" time="0.159"/>
  <testcase name="exampleStatement()" classname="StatementPrinterTests" time="0.097"/>
  <testcase name="exampleStatementHTMLNoDiscount()" classname="StatementPrinterTests" time="0.135"/>
  <system-out><![CDATA[]]></system-out>
  <system-err><![CDATA[]]></system-err>
</testsuite>
