<?xml version="1.0" encoding="UTF-8"?>
<testsuite name="StatementPrinterTests" tests="4" skipped="0" failures="0" errors="0" timestamp="2022-10-29T19:28:01" hostname="DESKTOP-LC8DIJU" time="0.869">
  <properties/>
  <testcase name="exampleStatementHTML()" classname="StatementPrinterTests" time="0.417"/>
  <testcase name="testOtherCases()" classname="StatementPrinterTests" time="0.155"/>
  <testcase name="exampleStatement()" classname="StatementPrinterTests" time="0.142"/>
  <testcase name="exampleStatementHTMLNoDiscount()" classname="StatementPrinterTests" time="0.146"/>
  <system-out><![CDATA[]]></system-out>
  <system-err><![CDATA[]]></system-err>
</testsuite>
