<?xml version="1.0" encoding="UTF-8"?>
<testsuite name="StatementPrinterTests" tests="4" skipped="0" failures="0" errors="0" timestamp="2022-10-30T06:17:16" hostname="DESKTOP-LC8DIJU" time="0.816">
  <properties/>
  <testcase name="exampleStatementHTML()" classname="StatementPrinterTests" time="0.403"/>
  <testcase name="testOtherCases()" classname="StatementPrinterTests" time="0.154"/>
  <testcase name="exampleStatement()" classname="StatementPrinterTests" time="0.123"/>
  <testcase name="exampleStatementHTMLNoDiscount()" classname="StatementPrinterTests" time="0.132"/>
  <system-out><![CDATA[]]></system-out>
  <system-err><![CDATA[]]></system-err>
</testsuite>
