<?xml version="1.0" encoding="UTF-8"?>
<testsuite name="StatementPrinterTests" tests="3" skipped="0" failures="0" errors="0" timestamp="2022-10-29T18:51:08" hostname="DESKTOP-LC8DIJU" time="0.891">
  <properties/>
  <testcase name="exampleStatementHTML()" classname="StatementPrinterTests" time="0.5"/>
  <testcase name="testOtherCases()" classname="StatementPrinterTests" time="0.192"/>
  <testcase name="exampleStatement()" classname="StatementPrinterTests" time="0.192"/>
  <system-out><![CDATA[]]></system-out>
  <system-err><![CDATA[]]></system-err>
</testsuite>
